<?xml version="1.0" encoding="UTF-8" ?>
<testsuite tests="4" failures="0" name="com.TransactionTransferTest" time="0.604" errors="4" skipped="0">
  <properties>
[...]
</properties>
  <testcase classname="com.TransactionTransferTest" name="testUserAddFailure3" time="0.145">
    <error message="POST http://localhost:8080/UserCoinsProject/webapi/UserCoinsResource/transaction/transfer returned a response status of 404 Not Found" type="com.sun.jersey.api.client.UniformInterfaceException">com.sun.jersey.api.client.UniformInterfaceException: POST http://localhost:8080/UserCoinsProject/webapi/UserCoinsResource/transaction/transfer returned a response status of 404 Not Found
	at com.sun.jersey.api.client.WebResource.handle(WebResource.java:688)
	at com.sun.jersey.api.client.WebResource.access$200(WebResource.java:74)
	at com.sun.jersey.api.client.WebResource$Builder.post(WebResource.java:570)
	at com.TransactionTransferTest.testUserAddFailure3(TransactionTransferTest.java:76)
	at sun.reflect.NativeMethodAccessorImpl.invoke0(Native Method)
	at sun.reflect.NativeMethodAccessorImpl.invoke(NativeMethodAccessorImpl.java:62)
	at sun.reflect.DelegatingMethodAccessorImpl.invoke(DelegatingMethodAccessorImpl.java:43)
	at java.lang.reflect.Method.invoke(Method.java:483)
	at org.junit.runners.model.FrameworkMethod$1.runReflectiveCall(FrameworkMethod.java:44)
	at org.junit.internal.runners.model.ReflectiveCallable.run(ReflectiveCallable.java:15)
	at org.junit.runners.model.FrameworkMethod.invokeExplosively(FrameworkMethod.java:41)
	at org.junit.internal.runners.statements.InvokeMethod.evaluate(InvokeMethod.java:20)
	at org.junit.internal.runners.statements.RunBefores.evaluate(RunBefores.java:28)
	at org.junit.internal.runners.statements.RunAfters.evaluate(RunAfters.java:31)
	at org.junit.runners.BlockJUnit4ClassRunner.runNotIgnored(BlockJUnit4ClassRunner.java:79)
	at org.junit.runners.BlockJUnit4ClassRunner.runChild(BlockJUnit4ClassRunner.java:71)
	at org.junit.runners.BlockJUnit4ClassRunner.runChild(BlockJUnit4ClassRunner.java:49)
	at org.junit.runners.ParentRunner$3.run(ParentRunner.java:193)
	at org.junit.runners.ParentRunner$1.schedule(ParentRunner.java:52)
	at org.junit.runners.ParentRunner.runChildren(ParentRunner.java:191)
	at org.junit.runners.ParentRunner.access$000(ParentRunner.java:42)
	at org.junit.runners.ParentRunner$2.evaluate(ParentRunner.java:184)
	at org.junit.runners.ParentRunner.run(ParentRunner.java:236)
	at org.apache.maven.surefire.junit4.JUnit4Provider.execute(JUnit4Provider.java:252)
	at org.apache.maven.surefire.junit4.JUnit4Provider.executeTestSet(JUnit4Provider.java:141)
	at org.apache.maven.surefire.junit4.JUnit4Provider.invoke(JUnit4Provider.java:112)
	at sun.reflect.NativeMethodAccessorImpl.invoke0(Native Method)
	at sun.reflect.NativeMethodAccessorImpl.invoke(NativeMethodAccessorImpl.java:62)
	at sun.reflect.DelegatingMethodAccessorImpl.invoke(DelegatingMethodAccessorImpl.java:43)
	at java.lang.reflect.Method.invoke(Method.java:483)
	at org.apache.maven.surefire.util.ReflectionUtils.invokeMethodWithArray(ReflectionUtils.java:189)
	at org.apache.maven.surefire.booter.ProviderFactory$ProviderProxy.invoke(ProviderFactory.java:165)
	at org.apache.maven.surefire.booter.ProviderFactory.invokeProvider(ProviderFactory.java:85)
	at org.apache.maven.surefire.booter.ForkedBooter.runSuitesInProcess(ForkedBooter.java:115)
	at org.apache.maven.surefire.booter.ForkedBooter.main(ForkedBooter.java:75)
</error>
    <system-err>十一月 05, 2015 6:02:31 下午 com.sun.jersey.test.framework.spi.container.grizzly2.web.GrizzlyWebTestContainerFactory$GrizzlyWebTestContainer &lt;init&gt;
信息: Creating Grizzly2 Web Container configured at the base URI http://localhost:9998/
十一月 05, 2015 6:02:31 下午 org.glassfish.grizzly.http.server.NetworkListener start
信息: Started listener bound to [localhost:9998]
十一月 05, 2015 6:02:31 下午 org.glassfish.grizzly.http.server.HttpServer start
信息: [HttpServer-2] Started.
十一月 05, 2015 6:02:31 下午 org.glassfish.grizzly.servlet.WebappContext deploy
信息: Starting application [TestContext] ...
十一月 05, 2015 6:02:31 下午 org.glassfish.grizzly.servlet.WebappContext initServlets
信息: [TestContext] Servlet [com.sun.jersey.spi.container.servlet.ServletContainer] registered for url pattern(s) [[/*]].
十一月 05, 2015 6:02:31 下午 org.glassfish.grizzly.servlet.WebappContext deploy
信息: Application [TestContext] is ready to service requests.  Root: [].
十一月 05, 2015 6:02:31 下午 com.sun.jersey.test.framework.spi.container.grizzly2.web.GrizzlyWebTestContainerFactory$GrizzlyWebTestContainer start
信息: Starting the Grizzly2 Web Container...
十一月 05, 2015 6:02:31 下午 com.sun.jersey.test.framework.spi.container.grizzly2.web.GrizzlyWebTestContainerFactory$GrizzlyWebTestContainer stop
信息: Stopping the Grizzly2 Web Container...
十一月 05, 2015 6:02:31 下午 org.glassfish.grizzly.http.server.NetworkListener stop
信息: Stopped listener bound to [localhost:9998]
</system-err>
  </testcase>
  <testcase classname="com.TransactionTransferTest" name="testUserAddSuccess" time="0.149">
    <error message="POST http://localhost:8080/UserCoinsProject/webapi/UserCoinsResource/transaction/transfer returned a response status of 404 Not Found" type="com.sun.jersey.api.client.UniformInterfaceException">com.sun.jersey.api.client.UniformInterfaceException: POST http://localhost:8080/UserCoinsProject/webapi/UserCoinsResource/transaction/transfer returned a response status of 404 Not Found
	at com.sun.jersey.api.client.WebResource.handle(WebResource.java:688)
	at com.sun.jersey.api.client.WebResource.access$200(WebResource.java:74)
	at com.sun.jersey.api.client.WebResource$Builder.post(WebResource.java:570)
	at com.TransactionTransferTest.testUserAddSuccess(TransactionTransferTest.java:37)
	at sun.reflect.NativeMethodAccessorImpl.invoke0(Native Method)
	at sun.reflect.NativeMethodAccessorImpl.invoke(NativeMethodAccessorImpl.java:62)
	at sun.reflect.DelegatingMethodAccessorImpl.invoke(DelegatingMethodAccessorImpl.java:43)
	at java.lang.reflect.Method.invoke(Method.java:483)
	at org.junit.runners.model.FrameworkMethod$1.runReflectiveCall(FrameworkMethod.java:44)
	at org.junit.internal.runners.model.ReflectiveCallable.run(ReflectiveCallable.java:15)
	at org.junit.runners.model.FrameworkMethod.invokeExplosively(FrameworkMethod.java:41)
	at org.junit.internal.runners.statements.InvokeMethod.evaluate(InvokeMethod.java:20)
	at org.junit.internal.runners.statements.RunBefores.evaluate(RunBefores.java:28)
	at org.junit.internal.runners.statements.RunAfters.evaluate(RunAfters.java:31)
	at org.junit.runners.BlockJUnit4ClassRunner.runNotIgnored(BlockJUnit4ClassRunner.java:79)
	at org.junit.runners.BlockJUnit4ClassRunner.runChild(BlockJUnit4ClassRunner.java:71)
	at org.junit.runners.BlockJUnit4ClassRunner.runChild(BlockJUnit4ClassRunner.java:49)
	at org.junit.runners.ParentRunner$3.run(ParentRunner.java:193)
	at org.junit.runners.ParentRunner$1.schedule(ParentRunner.java:52)
	at org.junit.runners.ParentRunner.runChildren(ParentRunner.java:191)
	at org.junit.runners.ParentRunner.access$000(ParentRunner.java:42)
	at org.junit.runners.ParentRunner$2.evaluate(ParentRunner.java:184)
	at org.junit.runners.ParentRunner.run(ParentRunner.java:236)
	at org.apache.maven.surefire.junit4.JUnit4Provider.execute(JUnit4Provider.java:252)
	at org.apache.maven.surefire.junit4.JUnit4Provider.executeTestSet(JUnit4Provider.java:141)
	at org.apache.maven.surefire.junit4.JUnit4Provider.invoke(JUnit4Provider.java:112)
	at sun.reflect.NativeMethodAccessorImpl.invoke0(Native Method)
	at sun.reflect.NativeMethodAccessorImpl.invoke(NativeMethodAccessorImpl.java:62)
	at sun.reflect.DelegatingMethodAccessorImpl.invoke(DelegatingMethodAccessorImpl.java:43)
	at java.lang.reflect.Method.invoke(Method.java:483)
	at org.apache.maven.surefire.util.ReflectionUtils.invokeMethodWithArray(ReflectionUtils.java:189)
	at org.apache.maven.surefire.booter.ProviderFactory$ProviderProxy.invoke(ProviderFactory.java:165)
	at org.apache.maven.surefire.booter.ProviderFactory.invokeProvider(ProviderFactory.java:85)
	at org.apache.maven.surefire.booter.ForkedBooter.runSuitesInProcess(ForkedBooter.java:115)
	at org.apache.maven.surefire.booter.ForkedBooter.main(ForkedBooter.java:75)
</error>
    <system-err>十一月 05, 2015 6:02:31 下午 com.sun.jersey.test.framework.spi.container.grizzly2.web.GrizzlyWebTestContainerFactory$GrizzlyWebTestContainer &lt;init&gt;
信息: Creating Grizzly2 Web Container configured at the base URI http://localhost:9998/
十一月 05, 2015 6:02:31 下午 org.glassfish.grizzly.http.server.NetworkListener start
信息: Started listener bound to [localhost:9998]
十一月 05, 2015 6:02:31 下午 org.glassfish.grizzly.http.server.HttpServer start
信息: [HttpServer-3] Started.
十一月 05, 2015 6:02:31 下午 org.glassfish.grizzly.servlet.WebappContext deploy
信息: Starting application [TestContext] ...
十一月 05, 2015 6:02:31 下午 org.glassfish.grizzly.servlet.WebappContext initServlets
信息: [TestContext] Servlet [com.sun.jersey.spi.container.servlet.ServletContainer] registered for url pattern(s) [[/*]].
十一月 05, 2015 6:02:31 下午 org.glassfish.grizzly.servlet.WebappContext deploy
信息: Application [TestContext] is ready to service requests.  Root: [].
十一月 05, 2015 6:02:31 下午 com.sun.jersey.test.framework.spi.container.grizzly2.web.GrizzlyWebTestContainerFactory$GrizzlyWebTestContainer start
信息: Starting the Grizzly2 Web Container...
十一月 05, 2015 6:02:31 下午 com.sun.jersey.test.framework.spi.container.grizzly2.web.GrizzlyWebTestContainerFactory$GrizzlyWebTestContainer stop
信息: Stopping the Grizzly2 Web Container...
十一月 05, 2015 6:02:31 下午 org.glassfish.grizzly.http.server.NetworkListener stop
信息: Stopped listener bound to [localhost:9998]
</system-err>
  </testcase>
  <testcase classname="com.TransactionTransferTest" name="testUserAddFailure2" time="0.153">
    <error message="POST http://localhost:8080/UserCoinsProject/webapi/UserCoinsResource/transaction/transfer returned a response status of 404 Not Found" type="com.sun.jersey.api.client.UniformInterfaceException">com.sun.jersey.api.client.UniformInterfaceException: POST http://localhost:8080/UserCoinsProject/webapi/UserCoinsResource/transaction/transfer returned a response status of 404 Not Found
	at com.sun.jersey.api.client.WebResource.handle(WebResource.java:688)
	at com.sun.jersey.api.client.WebResource.access$200(WebResource.java:74)
	at com.sun.jersey.api.client.WebResource$Builder.post(WebResource.java:570)
	at com.TransactionTransferTest.testUserAddFailure2(TransactionTransferTest.java:63)
	at sun.reflect.NativeMethodAccessorImpl.invoke0(Native Method)
	at sun.reflect.NativeMethodAccessorImpl.invoke(NativeMethodAccessorImpl.java:62)
	at sun.reflect.DelegatingMethodAccessorImpl.invoke(DelegatingMethodAccessorImpl.java:43)
	at java.lang.reflect.Method.invoke(Method.java:483)
	at org.junit.runners.model.FrameworkMethod$1.runReflectiveCall(FrameworkMethod.java:44)
	at org.junit.internal.runners.model.ReflectiveCallable.run(ReflectiveCallable.java:15)
	at org.junit.runners.model.FrameworkMethod.invokeExplosively(FrameworkMethod.java:41)
	at org.junit.internal.runners.statements.InvokeMethod.evaluate(InvokeMethod.java:20)
	at org.junit.internal.runners.statements.RunBefores.evaluate(RunBefores.java:28)
	at org.junit.internal.runners.statements.RunAfters.evaluate(RunAfters.java:31)
	at org.junit.runners.BlockJUnit4ClassRunner.runNotIgnored(BlockJUnit4ClassRunner.java:79)
	at org.junit.runners.BlockJUnit4ClassRunner.runChild(BlockJUnit4ClassRunner.java:71)
	at org.junit.runners.BlockJUnit4ClassRunner.runChild(BlockJUnit4ClassRunner.java:49)
	at org.junit.runners.ParentRunner$3.run(ParentRunner.java:193)
	at org.junit.runners.ParentRunner$1.schedule(ParentRunner.java:52)
	at org.junit.runners.ParentRunner.runChildren(ParentRunner.java:191)
	at org.junit.runners.ParentRunner.access$000(ParentRunner.java:42)
	at org.junit.runners.ParentRunner$2.evaluate(ParentRunner.java:184)
	at org.junit.runners.ParentRunner.run(ParentRunner.java:236)
	at org.apache.maven.surefire.junit4.JUnit4Provider.execute(JUnit4Provider.java:252)
	at org.apache.maven.surefire.junit4.JUnit4Provider.executeTestSet(JUnit4Provider.java:141)
	at org.apache.maven.surefire.junit4.JUnit4Provider.invoke(JUnit4Provider.java:112)
	at sun.reflect.NativeMethodAccessorImpl.invoke0(Native Method)
	at sun.reflect.NativeMethodAccessorImpl.invoke(NativeMethodAccessorImpl.java:62)
	at sun.reflect.DelegatingMethodAccessorImpl.invoke(DelegatingMethodAccessorImpl.java:43)
	at java.lang.reflect.Method.invoke(Method.java:483)
	at org.apache.maven.surefire.util.ReflectionUtils.invokeMethodWithArray(ReflectionUtils.java:189)
	at org.apache.maven.surefire.booter.ProviderFactory$ProviderProxy.invoke(ProviderFactory.java:165)
	at org.apache.maven.surefire.booter.ProviderFactory.invokeProvider(ProviderFactory.java:85)
	at org.apache.maven.surefire.booter.ForkedBooter.runSuitesInProcess(ForkedBooter.java:115)
	at org.apache.maven.surefire.booter.ForkedBooter.main(ForkedBooter.java:75)
</error>
    <system-err>十一月 05, 2015 6:02:31 下午 com.sun.jersey.test.framework.spi.container.grizzly2.web.GrizzlyWebTestContainerFactory$GrizzlyWebTestContainer &lt;init&gt;
信息: Creating Grizzly2 Web Container configured at the base URI http://localhost:9998/
十一月 05, 2015 6:02:31 下午 org.glassfish.grizzly.http.server.NetworkListener start
信息: Started listener bound to [localhost:9998]
十一月 05, 2015 6:02:31 下午 org.glassfish.grizzly.http.server.HttpServer start
信息: [HttpServer-4] Started.
十一月 05, 2015 6:02:31 下午 org.glassfish.grizzly.servlet.WebappContext deploy
信息: Starting application [TestContext] ...
十一月 05, 2015 6:02:31 下午 org.glassfish.grizzly.servlet.WebappContext initServlets
信息: [TestContext] Servlet [com.sun.jersey.spi.container.servlet.ServletContainer] registered for url pattern(s) [[/*]].
十一月 05, 2015 6:02:31 下午 org.glassfish.grizzly.servlet.WebappContext deploy
信息: Application [TestContext] is ready to service requests.  Root: [].
十一月 05, 2015 6:02:31 下午 com.sun.jersey.test.framework.spi.container.grizzly2.web.GrizzlyWebTestContainerFactory$GrizzlyWebTestContainer start
信息: Starting the Grizzly2 Web Container...
十一月 05, 2015 6:02:31 下午 com.sun.jersey.test.framework.spi.container.grizzly2.web.GrizzlyWebTestContainerFactory$GrizzlyWebTestContainer stop
信息: Stopping the Grizzly2 Web Container...
十一月 05, 2015 6:02:31 下午 org.glassfish.grizzly.http.server.NetworkListener stop
信息: Stopped listener bound to [localhost:9998]
</system-err>
  </testcase>
  <testcase classname="com.TransactionTransferTest" name="testUserAddFailure1" time="0.157">
    <error message="POST http://localhost:8080/UserCoinsProject/webapi/UserCoinsResource/transaction/transfer returned a response status of 404 Not Found" type="com.sun.jersey.api.client.UniformInterfaceException">com.sun.jersey.api.client.UniformInterfaceException: POST http://localhost:8080/UserCoinsProject/webapi/UserCoinsResource/transaction/transfer returned a response status of 404 Not Found
	at com.sun.jersey.api.client.WebResource.handle(WebResource.java:688)
	at com.sun.jersey.api.client.WebResource.access$200(WebResource.java:74)
	at com.sun.jersey.api.client.WebResource$Builder.post(WebResource.java:570)
	at com.TransactionTransferTest.testUserAddFailure1(TransactionTransferTest.java:50)
	at sun.reflect.NativeMethodAccessorImpl.invoke0(Native Method)
	at sun.reflect.NativeMethodAccessorImpl.invoke(NativeMethodAccessorImpl.java:62)
	at sun.reflect.DelegatingMethodAccessorImpl.invoke(DelegatingMethodAccessorImpl.java:43)
	at java.lang.reflect.Method.invoke(Method.java:483)
	at org.junit.runners.model.FrameworkMethod$1.runReflectiveCall(FrameworkMethod.java:44)
	at org.junit.internal.runners.model.ReflectiveCallable.run(ReflectiveCallable.java:15)
	at org.junit.runners.model.FrameworkMethod.invokeExplosively(FrameworkMethod.java:41)
	at org.junit.internal.runners.statements.InvokeMethod.evaluate(InvokeMethod.java:20)
	at org.junit.internal.runners.statements.RunBefores.evaluate(RunBefores.java:28)
	at org.junit.internal.runners.statements.RunAfters.evaluate(RunAfters.java:31)
	at org.junit.runners.BlockJUnit4ClassRunner.runNotIgnored(BlockJUnit4ClassRunner.java:79)
	at org.junit.runners.BlockJUnit4ClassRunner.runChild(BlockJUnit4ClassRunner.java:71)
	at org.junit.runners.BlockJUnit4ClassRunner.runChild(BlockJUnit4ClassRunner.java:49)
	at org.junit.runners.ParentRunner$3.run(ParentRunner.java:193)
	at org.junit.runners.ParentRunner$1.schedule(ParentRunner.java:52)
	at org.junit.runners.ParentRunner.runChildren(ParentRunner.java:191)
	at org.junit.runners.ParentRunner.access$000(ParentRunner.java:42)
	at org.junit.runners.ParentRunner$2.evaluate(ParentRunner.java:184)
	at org.junit.runners.ParentRunner.run(ParentRunner.java:236)
	at org.apache.maven.surefire.junit4.JUnit4Provider.execute(JUnit4Provider.java:252)
	at org.apache.maven.surefire.junit4.JUnit4Provider.executeTestSet(JUnit4Provider.java:141)
	at org.apache.maven.surefire.junit4.JUnit4Provider.invoke(JUnit4Provider.java:112)
	at sun.reflect.NativeMethodAccessorImpl.invoke0(Native Method)
	at sun.reflect.NativeMethodAccessorImpl.invoke(NativeMethodAccessorImpl.java:62)
	at sun.reflect.DelegatingMethodAccessorImpl.invoke(DelegatingMethodAccessorImpl.java:43)
	at java.lang.reflect.Method.invoke(Method.java:483)
	at org.apache.maven.surefire.util.ReflectionUtils.invokeMethodWithArray(ReflectionUtils.java:189)
	at org.apache.maven.surefire.booter.ProviderFactory$ProviderProxy.invoke(ProviderFactory.java:165)
	at org.apache.maven.surefire.booter.ProviderFactory.invokeProvider(ProviderFactory.java:85)
	at org.apache.maven.surefire.booter.ForkedBooter.runSuitesInProcess(ForkedBooter.java:115)
	at org.apache.maven.surefire.booter.ForkedBooter.main(ForkedBooter.java:75)
</error>
    <system-err>十一月 05, 2015 6:02:31 下午 com.sun.jersey.test.framework.spi.container.grizzly2.web.GrizzlyWebTestContainerFactory$GrizzlyWebTestContainer &lt;init&gt;
信息: Creating Grizzly2 Web Container configured at the base URI http://localhost:9998/
十一月 05, 2015 6:02:31 下午 org.glassfish.grizzly.http.server.NetworkListener start
信息: Started listener bound to [localhost:9998]
十一月 05, 2015 6:02:31 下午 org.glassfish.grizzly.http.server.HttpServer start
信息: [HttpServer-5] Started.
十一月 05, 2015 6:02:31 下午 org.glassfish.grizzly.servlet.WebappContext deploy
信息: Starting application [TestContext] ...
十一月 05, 2015 6:02:31 下午 org.glassfish.grizzly.servlet.WebappContext initServlets
信息: [TestContext] Servlet [com.sun.jersey.spi.container.servlet.ServletContainer] registered for url pattern(s) [[/*]].
十一月 05, 2015 6:02:31 下午 org.glassfish.grizzly.servlet.WebappContext deploy
信息: Application [TestContext] is ready to service requests.  Root: [].
十一月 05, 2015 6:02:31 下午 com.sun.jersey.test.framework.spi.container.grizzly2.web.GrizzlyWebTestContainerFactory$GrizzlyWebTestContainer start
信息: Starting the Grizzly2 Web Container...
十一月 05, 2015 6:02:31 下午 com.sun.jersey.test.framework.spi.container.grizzly2.web.GrizzlyWebTestContainerFactory$GrizzlyWebTestContainer stop
信息: Stopping the Grizzly2 Web Container...
十一月 05, 2015 6:02:31 下午 org.glassfish.grizzly.http.server.NetworkListener stop
信息: Stopped listener bound to [localhost:9998]
</system-err>
  </testcase>
</testsuite>