<?xml version="1.0" encoding="UTF-8" ?>
<testsuite tests="4" failures="0" name="com.TransactionTransferTest" time="0.604" errors="4" skipped="0">
  <properties>
    <property name="java.runtime.name" value="Java(TM) SE Runtime Environment"/>
    <property name="sun.boot.library.path" value="C:\Program Files\Java\jdk1.8.0_20\jre\bin"/>
    <property name="java.vm.version" value="25.20-b23"/>
    <property name="java.vm.vendor" value="Oracle Corporation"/>
    <property name="maven.multiModuleProjectDirectory" value="$M2_HOME"/>
    <property name="java.vendor.url" value="http://java.oracle.com/"/>
    <property name="path.separator" value=";"/>
    <property name="guice.disable.misplaced.annotation.check" value="true"/>
    <property name="java.vm.name" value="Java HotSpot(TM) 64-Bit Server VM"/>
    <property name="file.encoding.pkg" value="sun.io"/>
    <property name="user.script" value=""/>
    <property name="user.country" value="CN"/>
    <property name="sun.java.launcher" value="SUN_STANDARD"/>
    <property name="sun.os.patch.level" value=""/>
    <property name="java.vm.specification.name" value="Java Virtual Machine Specification"/>
    <property name="user.dir" value="C:\Users\zj\workspace\UserCoinsProject"/>
    <property name="java.runtime.version" value="1.8.0_20-b26"/>
    <property name="java.awt.graphicsenv" value="sun.awt.Win32GraphicsEnvironment"/>
    <property name="java.endorsed.dirs" value="C:\Program Files\Java\jdk1.8.0_20\jre\lib\endorsed"/>
    <property name="os.arch" value="amd64"/>
    <property name="java.io.tmpdir" value="C:\Users\zj\AppData\Local\Temp\"/>
    <property name="line.separator" value="
"/>
    <property name="java.vm.specification.vendor" value="Oracle Corporation"/>
    <property name="user.variant" value=""/>
    <property name="os.name" value="Windows 8"/>
    <property name="classworlds.conf" value="C:\Users\zj\workspace\.metadata\.plugins\org.eclipse.m2e.launching\launches\m2conf4828285983569825989.tmp"/>
    <property name="sun.jnu.encoding" value="GBK"/>
    <property name="java.library.path" value="C:\Program Files\Java\jdk1.8.0_20\bin;C:\Windows\Sun\Java\bin;C:\Windows\system32;C:\Windows;C:/Program Files/Java/jdk1.8.0_20/bin/../jre/bin/server;C:/Program Files/Java/jdk1.8.0_20/bin/../jre/bin;C:/Program Files/Java/jdk1.8.0_20/bin/../jre/lib/amd64;C:\Windows\system32;C:\Windows;C:\Windows\System32\Wbem;C:\Windows\System32\WindowsPowerShell\v1.0\;C:\Program Files (x86)\Windows Kits\8.1\Windows Performance Toolkit\;C:\Program Files\Microsoft SQL Server\110\Tools\Binn\;C:\Program Files (x86)\SMLNJ\bin\;C:\Program Files\Common Files\Autodesk Shared\;C:\Program Files\Java\jdk1.8.0_20\bin;C:\Program Files\Java\jdk1.8.0_20\jre\bin;D:\Resource\android-sdk-windows\tools;E:\Professional-courses\2015_Spring\HCI\IStarrySkyRef\codeRef\apache-ant-1.9.5\bin;D:\Program\bin;D:\Program\Vim\vim74;C:\Python27;%M2_HOME%/bin;D:\Program\Ruby21-x64\bin;D:\Resource\eclipse;;."/>
    <property name="java.specification.name" value="Java Platform API Specification"/>
    <property name="java.class.version" value="52.0"/>
    <property name="sun.management.compiler" value="HotSpot 64-Bit Tiered Compilers"/>
    <property name="os.version" value="6.2"/>
    <property name="user.home" value="C:\Users\zj"/>
    <property name="user.timezone" value="Asia/Shanghai"/>
    <property name="java.awt.printerjob" value="sun.awt.windows.WPrinterJob"/>
    <property name="java.specification.version" value="1.8"/>
    <property name="file.encoding" value="GBK"/>
    <property name="user.name" value="zj"/>
    <property name="java.class.path" value="D:\Resource\apache-maven-3.3.3\boot\plexus-classworlds-2.5.2.jar"/>
    <property name="java.vm.specification.version" value="1.8"/>
    <property name="sun.arch.data.model" value="64"/>
    <property name="java.home" value="C:\Program Files\Java\jdk1.8.0_20\jre"/>
    <property name="sun.java.command" value="org.codehaus.plexus.classworlds.launcher.Launcher -B package"/>
    <property name="java.specification.vendor" value="Oracle Corporation"/>
    <property name="user.language" value="zh"/>
    <property name="awt.toolkit" value="sun.awt.windows.WToolkit"/>
    <property name="java.vm.info" value="mixed mode"/>
    <property name="java.version" value="1.8.0_20"/>
    <property name="java.ext.dirs" value="C:\Program Files\Java\jdk1.8.0_20\jre\lib\ext;C:\Windows\Sun\Java\lib\ext"/>
    <property name="sun.boot.class.path" value="C:\Program Files\Java\jdk1.8.0_20\jre\lib\resources.jar;C:\Program Files\Java\jdk1.8.0_20\jre\lib\rt.jar;C:\Program Files\Java\jdk1.8.0_20\jre\lib\sunrsasign.jar;C:\Program Files\Java\jdk1.8.0_20\jre\lib\jsse.jar;C:\Program Files\Java\jdk1.8.0_20\jre\lib\jce.jar;C:\Program Files\Java\jdk1.8.0_20\jre\lib\charsets.jar;C:\Program Files\Java\jdk1.8.0_20\jre\lib\jfr.jar;C:\Program Files\Java\jdk1.8.0_20\jre\classes"/>
    <property name="java.vendor" value="Oracle Corporation"/>
    <property name="maven.home" value="D:\Resource\apache-maven-3.3.3"/>
    <property name="file.separator" value="\"/>
    <property name="java.vendor.url.bug" value="http://bugreport.sun.com/bugreport/"/>
    <property name="sun.cpu.endian" value="little"/>
    <property name="sun.io.unicode.encoding" value="UnicodeLittle"/>
    <property name="sun.desktop" value="windows"/>
    <property name="sun.cpu.isalist" value="amd64"/>
  </properties>
  <testcase classname="com.TransactionTransferTest" name="testUserAddFailure3" time="0.145">
    <error message="POST http://localhost:8080/UserCoinsProject/webapi/UserCoinsResource/transaction/transfer returned a response status of 404 Not Found" type="com.sun.jersey.api.client.UniformInterfaceException">com.sun.jersey.api.client.UniformInterfaceException: POST http://localhost:8080/UserCoinsProject/webapi/UserCoinsResource/transaction/transfer returned a response status of 404 Not Found
	at com.sun.jersey.api.client.WebResource.handle(WebResource.java:688)
	at com.sun.jersey.api.client.WebResource.access$200(WebResource.java:74)
	at com.sun.jersey.api.client.WebResource$Builder.post(WebResource.java:570)
	at com.TransactionTransferTest.testUserAddFailure3(TransactionTransferTest.java:76)
	at sun.reflect.NativeMethodAccessorImpl.invoke0(Native Method)
	at sun.reflect.NativeMethodAccessorImpl.invoke(NativeMethodAccessorImpl.java:62)
	at sun.reflect.DelegatingMethodAccessorImpl.invoke(DelegatingMethodAccessorImpl.java:43)
	at java.lang.reflect.Method.invoke(Method.java:483)
	at org.junit.runners.model.FrameworkMethod$1.runReflectiveCall(FrameworkMethod.java:44)
	at org.junit.internal.runners.model.ReflectiveCallable.run(ReflectiveCallable.java:15)
	at org.junit.runners.model.FrameworkMethod.invokeExplosively(FrameworkMethod.java:41)
	at org.junit.internal.runners.statements.InvokeMethod.evaluate(InvokeMethod.java:20)
	at org.junit.internal.runners.statements.RunBefores.evaluate(RunBefores.java:28)
	at org.junit.internal.runners.statements.RunAfters.evaluate(RunAfters.java:31)
	at org.junit.runners.BlockJUnit4ClassRunner.runNotIgnored(BlockJUnit4ClassRunner.java:79)
	at org.junit.runners.BlockJUnit4ClassRunner.runChild(BlockJUnit4ClassRunner.java:71)
	at org.junit.runners.BlockJUnit4ClassRunner.runChild(BlockJUnit4ClassRunner.java:49)
	at org.junit.runners.ParentRunner$3.run(ParentRunner.java:193)
	at org.junit.runners.ParentRunner$1.schedule(ParentRunner.java:52)
	at org.junit.runners.ParentRunner.runChildren(ParentRunner.java:191)
	at org.junit.runners.ParentRunner.access$000(ParentRunner.java:42)
	at org.junit.runners.ParentRunner$2.evaluate(ParentRunner.java:184)
	at org.junit.runners.ParentRunner.run(ParentRunner.java:236)
	at org.apache.maven.surefire.junit4.JUnit4Provider.execute(JUnit4Provider.java:252)
	at org.apache.maven.surefire.junit4.JUnit4Provider.executeTestSet(JUnit4Provider.java:141)
	at org.apache.maven.surefire.junit4.JUnit4Provider.invoke(JUnit4Provider.java:112)
	at sun.reflect.NativeMethodAccessorImpl.invoke0(Native Method)
	at sun.reflect.NativeMethodAccessorImpl.invoke(NativeMethodAccessorImpl.java:62)
	at sun.reflect.DelegatingMethodAccessorImpl.invoke(DelegatingMethodAccessorImpl.java:43)
	at java.lang.reflect.Method.invoke(Method.java:483)
	at org.apache.maven.surefire.util.ReflectionUtils.invokeMethodWithArray(ReflectionUtils.java:189)
	at org.apache.maven.surefire.booter.ProviderFactory$ProviderProxy.invoke(ProviderFactory.java:165)
	at org.apache.maven.surefire.booter.ProviderFactory.invokeProvider(ProviderFactory.java:85)
	at org.apache.maven.surefire.booter.ForkedBooter.runSuitesInProcess(ForkedBooter.java:115)
	at org.apache.maven.surefire.booter.ForkedBooter.main(ForkedBooter.java:75)
</error>
    <system-err>十一月 05, 2015 6:02:31 下午 com.sun.jersey.test.framework.spi.container.grizzly2.web.GrizzlyWebTestContainerFactory$GrizzlyWebTestContainer &lt;init&gt;
信息: Creating Grizzly2 Web Container configured at the base URI http://localhost:9998/
十一月 05, 2015 6:02:31 下午 org.glassfish.grizzly.http.server.NetworkListener start
信息: Started listener bound to [localhost:9998]
十一月 05, 2015 6:02:31 下午 org.glassfish.grizzly.http.server.HttpServer start
信息: [HttpServer-2] Started.
十一月 05, 2015 6:02:31 下午 org.glassfish.grizzly.servlet.WebappContext deploy
信息: Starting application [TestContext] ...
十一月 05, 2015 6:02:31 下午 org.glassfish.grizzly.servlet.WebappContext initServlets
信息: [TestContext] Servlet [com.sun.jersey.spi.container.servlet.ServletContainer] registered for url pattern(s) [[/*]].
十一月 05, 2015 6:02:31 下午 org.glassfish.grizzly.servlet.WebappContext deploy
信息: Application [TestContext] is ready to service requests.  Root: [].
十一月 05, 2015 6:02:31 下午 com.sun.jersey.test.framework.spi.container.grizzly2.web.GrizzlyWebTestContainerFactory$GrizzlyWebTestContainer start
信息: Starting the Grizzly2 Web Container...
十一月 05, 2015 6:02:31 下午 com.sun.jersey.test.framework.spi.container.grizzly2.web.GrizzlyWebTestContainerFactory$GrizzlyWebTestContainer stop
信息: Stopping the Grizzly2 Web Container...
十一月 05, 2015 6:02:31 下午 org.glassfish.grizzly.http.server.NetworkListener stop
信息: Stopped listener bound to [localhost:9998]
</system-err>
  </testcase>
  <testcase classname="com.TransactionTransferTest" name="testUserAddSuccess" time="0.149">
    <error message="POST http://localhost:8080/UserCoinsProject/webapi/UserCoinsResource/transaction/transfer returned a response status of 404 Not Found" type="com.sun.jersey.api.client.UniformInterfaceException">com.sun.jersey.api.client.UniformInterfaceException: POST http://localhost:8080/UserCoinsProject/webapi/UserCoinsResource/transaction/transfer returned a response status of 404 Not Found
	at com.sun.jersey.api.client.WebResource.handle(WebResource.java:688)
	at com.sun.jersey.api.client.WebResource.access$200(WebResource.java:74)
	at com.sun.jersey.api.client.WebResource$Builder.post(WebResource.java:570)
	at com.TransactionTransferTest.testUserAddSuccess(TransactionTransferTest.java:37)
	at sun.reflect.NativeMethodAccessorImpl.invoke0(Native Method)
	at sun.reflect.NativeMethodAccessorImpl.invoke(NativeMethodAccessorImpl.java:62)
	at sun.reflect.DelegatingMethodAccessorImpl.invoke(DelegatingMethodAccessorImpl.java:43)
	at java.lang.reflect.Method.invoke(Method.java:483)
	at org.junit.runners.model.FrameworkMethod$1.runReflectiveCall(FrameworkMethod.java:44)
	at org.junit.internal.runners.model.ReflectiveCallable.run(ReflectiveCallable.java:15)
	at org.junit.runners.model.FrameworkMethod.invokeExplosively(FrameworkMethod.java:41)
	at org.junit.internal.runners.statements.InvokeMethod.evaluate(InvokeMethod.java:20)
	at org.junit.internal.runners.statements.RunBefores.evaluate(RunBefores.java:28)
	at org.junit.internal.runners.statements.RunAfters.evaluate(RunAfters.java:31)
	at org.junit.runners.BlockJUnit4ClassRunner.runNotIgnored(BlockJUnit4ClassRunner.java:79)
	at org.junit.runners.BlockJUnit4ClassRunner.runChild(BlockJUnit4ClassRunner.java:71)
	at org.junit.runners.BlockJUnit4ClassRunner.runChild(BlockJUnit4ClassRunner.java:49)
	at org.junit.runners.ParentRunner$3.run(ParentRunner.java:193)
	at org.junit.runners.ParentRunner$1.schedule(ParentRunner.java:52)
	at org.junit.runners.ParentRunner.runChildren(ParentRunner.java:191)
	at org.junit.runners.ParentRunner.access$000(ParentRunner.java:42)
	at org.junit.runners.ParentRunner$2.evaluate(ParentRunner.java:184)
	at org.junit.runners.ParentRunner.run(ParentRunner.java:236)
	at org.apache.maven.surefire.junit4.JUnit4Provider.execute(JUnit4Provider.java:252)
	at org.apache.maven.surefire.junit4.JUnit4Provider.executeTestSet(JUnit4Provider.java:141)
	at org.apache.maven.surefire.junit4.JUnit4Provider.invoke(JUnit4Provider.java:112)
	at sun.reflect.NativeMethodAccessorImpl.invoke0(Native Method)
	at sun.reflect.NativeMethodAccessorImpl.invoke(NativeMethodAccessorImpl.java:62)
	at sun.reflect.DelegatingMethodAccessorImpl.invoke(DelegatingMethodAccessorImpl.java:43)
	at java.lang.reflect.Method.invoke(Method.java:483)
	at org.apache.maven.surefire.util.ReflectionUtils.invokeMethodWithArray(ReflectionUtils.java:189)
	at org.apache.maven.surefire.booter.ProviderFactory$ProviderProxy.invoke(ProviderFactory.java:165)
	at org.apache.maven.surefire.booter.ProviderFactory.invokeProvider(ProviderFactory.java:85)
	at org.apache.maven.surefire.booter.ForkedBooter.runSuitesInProcess(ForkedBooter.java:115)
	at org.apache.maven.surefire.booter.ForkedBooter.main(ForkedBooter.java:75)
</error>
    <system-err>十一月 05, 2015 6:02:31 下午 com.sun.jersey.test.framework.spi.container.grizzly2.web.GrizzlyWebTestContainerFactory$GrizzlyWebTestContainer &lt;init&gt;
信息: Creating Grizzly2 Web Container configured at the base URI http://localhost:9998/
十一月 05, 2015 6:02:31 下午 org.glassfish.grizzly.http.server.NetworkListener start
信息: Started listener bound to [localhost:9998]
十一月 05, 2015 6:02:31 下午 org.glassfish.grizzly.http.server.HttpServer start
信息: [HttpServer-3] Started.
十一月 05, 2015 6:02:31 下午 org.glassfish.grizzly.servlet.WebappContext deploy
信息: Starting application [TestContext] ...
十一月 05, 2015 6:02:31 下午 org.glassfish.grizzly.servlet.WebappContext initServlets
信息: [TestContext] Servlet [com.sun.jersey.spi.container.servlet.ServletContainer] registered for url pattern(s) [[/*]].
十一月 05, 2015 6:02:31 下午 org.glassfish.grizzly.servlet.WebappContext deploy
信息: Application [TestContext] is ready to service requests.  Root: [].
十一月 05, 2015 6:02:31 下午 com.sun.jersey.test.framework.spi.container.grizzly2.web.GrizzlyWebTestContainerFactory$GrizzlyWebTestContainer start
信息: Starting the Grizzly2 Web Container...
十一月 05, 2015 6:02:31 下午 com.sun.jersey.test.framework.spi.container.grizzly2.web.GrizzlyWebTestContainerFactory$GrizzlyWebTestContainer stop
信息: Stopping the Grizzly2 Web Container...
十一月 05, 2015 6:02:31 下午 org.glassfish.grizzly.http.server.NetworkListener stop
信息: Stopped listener bound to [localhost:9998]
</system-err>
  </testcase>
  <testcase classname="com.TransactionTransferTest" name="testUserAddFailure2" time="0.153">
    <error message="POST http://localhost:8080/UserCoinsProject/webapi/UserCoinsResource/transaction/transfer returned a response status of 404 Not Found" type="com.sun.jersey.api.client.UniformInterfaceException">com.sun.jersey.api.client.UniformInterfaceException: POST http://localhost:8080/UserCoinsProject/webapi/UserCoinsResource/transaction/transfer returned a response status of 404 Not Found
	at com.sun.jersey.api.client.WebResource.handle(WebResource.java:688)
	at com.sun.jersey.api.client.WebResource.access$200(WebResource.java:74)
	at com.sun.jersey.api.client.WebResource$Builder.post(WebResource.java:570)
	at com.TransactionTransferTest.testUserAddFailure2(TransactionTransferTest.java:63)
	at sun.reflect.NativeMethodAccessorImpl.invoke0(Native Method)
	at sun.reflect.NativeMethodAccessorImpl.invoke(NativeMethodAccessorImpl.java:62)
	at sun.reflect.DelegatingMethodAccessorImpl.invoke(DelegatingMethodAccessorImpl.java:43)
	at java.lang.reflect.Method.invoke(Method.java:483)
	at org.junit.runners.model.FrameworkMethod$1.runReflectiveCall(FrameworkMethod.java:44)
	at org.junit.internal.runners.model.ReflectiveCallable.run(ReflectiveCallable.java:15)
	at org.junit.runners.model.FrameworkMethod.invokeExplosively(FrameworkMethod.java:41)
	at org.junit.internal.runners.statements.InvokeMethod.evaluate(InvokeMethod.java:20)
	at org.junit.internal.runners.statements.RunBefores.evaluate(RunBefores.java:28)
	at org.junit.internal.runners.statements.RunAfters.evaluate(RunAfters.java:31)
	at org.junit.runners.BlockJUnit4ClassRunner.runNotIgnored(BlockJUnit4ClassRunner.java:79)
	at org.junit.runners.BlockJUnit4ClassRunner.runChild(BlockJUnit4ClassRunner.java:71)
	at org.junit.runners.BlockJUnit4ClassRunner.runChild(BlockJUnit4ClassRunner.java:49)
	at org.junit.runners.ParentRunner$3.run(ParentRunner.java:193)
	at org.junit.runners.ParentRunner$1.schedule(ParentRunner.java:52)
	at org.junit.runners.ParentRunner.runChildren(ParentRunner.java:191)
	at org.junit.runners.ParentRunner.access$000(ParentRunner.java:42)
	at org.junit.runners.ParentRunner$2.evaluate(ParentRunner.java:184)
	at org.junit.runners.ParentRunner.run(ParentRunner.java:236)
	at org.apache.maven.surefire.junit4.JUnit4Provider.execute(JUnit4Provider.java:252)
	at org.apache.maven.surefire.junit4.JUnit4Provider.executeTestSet(JUnit4Provider.java:141)
	at org.apache.maven.surefire.junit4.JUnit4Provider.invoke(JUnit4Provider.java:112)
	at sun.reflect.NativeMethodAccessorImpl.invoke0(Native Method)
	at sun.reflect.NativeMethodAccessorImpl.invoke(NativeMethodAccessorImpl.java:62)
	at sun.reflect.DelegatingMethodAccessorImpl.invoke(DelegatingMethodAccessorImpl.java:43)
	at java.lang.reflect.Method.invoke(Method.java:483)
	at org.apache.maven.surefire.util.ReflectionUtils.invokeMethodWithArray(ReflectionUtils.java:189)
	at org.apache.maven.surefire.booter.ProviderFactory$ProviderProxy.invoke(ProviderFactory.java:165)
	at org.apache.maven.surefire.booter.ProviderFactory.invokeProvider(ProviderFactory.java:85)
	at org.apache.maven.surefire.booter.ForkedBooter.runSuitesInProcess(ForkedBooter.java:115)
	at org.apache.maven.surefire.booter.ForkedBooter.main(ForkedBooter.java:75)
</error>
    <system-err>十一月 05, 2015 6:02:31 下午 com.sun.jersey.test.framework.spi.container.grizzly2.web.GrizzlyWebTestContainerFactory$GrizzlyWebTestContainer &lt;init&gt;
信息: Creating Grizzly2 Web Container configured at the base URI http://localhost:9998/
十一月 05, 2015 6:02:31 下午 org.glassfish.grizzly.http.server.NetworkListener start
信息: Started listener bound to [localhost:9998]
十一月 05, 2015 6:02:31 下午 org.glassfish.grizzly.http.server.HttpServer start
信息: [HttpServer-4] Started.
十一月 05, 2015 6:02:31 下午 org.glassfish.grizzly.servlet.WebappContext deploy
信息: Starting application [TestContext] ...
十一月 05, 2015 6:02:31 下午 org.glassfish.grizzly.servlet.WebappContext initServlets
信息: [TestContext] Servlet [com.sun.jersey.spi.container.servlet.ServletContainer] registered for url pattern(s) [[/*]].
十一月 05, 2015 6:02:31 下午 org.glassfish.grizzly.servlet.WebappContext deploy
信息: Application [TestContext] is ready to service requests.  Root: [].
十一月 05, 2015 6:02:31 下午 com.sun.jersey.test.framework.spi.container.grizzly2.web.GrizzlyWebTestContainerFactory$GrizzlyWebTestContainer start
信息: Starting the Grizzly2 Web Container...
十一月 05, 2015 6:02:31 下午 com.sun.jersey.test.framework.spi.container.grizzly2.web.GrizzlyWebTestContainerFactory$GrizzlyWebTestContainer stop
信息: Stopping the Grizzly2 Web Container...
十一月 05, 2015 6:02:31 下午 org.glassfish.grizzly.http.server.NetworkListener stop
信息: Stopped listener bound to [localhost:9998]
</system-err>
  </testcase>
  <testcase classname="com.TransactionTransferTest" name="testUserAddFailure1" time="0.157">
    <error message="POST http://localhost:8080/UserCoinsProject/webapi/UserCoinsResource/transaction/transfer returned a response status of 404 Not Found" type="com.sun.jersey.api.client.UniformInterfaceException">com.sun.jersey.api.client.UniformInterfaceException: POST http://localhost:8080/UserCoinsProject/webapi/UserCoinsResource/transaction/transfer returned a response status of 404 Not Found
	at com.sun.jersey.api.client.WebResource.handle(WebResource.java:688)
	at com.sun.jersey.api.client.WebResource.access$200(WebResource.java:74)
	at com.sun.jersey.api.client.WebResource$Builder.post(WebResource.java:570)
	at com.TransactionTransferTest.testUserAddFailure1(TransactionTransferTest.java:50)
	at sun.reflect.NativeMethodAccessorImpl.invoke0(Native Method)
	at sun.reflect.NativeMethodAccessorImpl.invoke(NativeMethodAccessorImpl.java:62)
	at sun.reflect.DelegatingMethodAccessorImpl.invoke(DelegatingMethodAccessorImpl.java:43)
	at java.lang.reflect.Method.invoke(Method.java:483)
	at org.junit.runners.model.FrameworkMethod$1.runReflectiveCall(FrameworkMethod.java:44)
	at org.junit.internal.runners.model.ReflectiveCallable.run(ReflectiveCallable.java:15)
	at org.junit.runners.model.FrameworkMethod.invokeExplosively(FrameworkMethod.java:41)
	at org.junit.internal.runners.statements.InvokeMethod.evaluate(InvokeMethod.java:20)
	at org.junit.internal.runners.statements.RunBefores.evaluate(RunBefores.java:28)
	at org.junit.internal.runners.statements.RunAfters.evaluate(RunAfters.java:31)
	at org.junit.runners.BlockJUnit4ClassRunner.runNotIgnored(BlockJUnit4ClassRunner.java:79)
	at org.junit.runners.BlockJUnit4ClassRunner.runChild(BlockJUnit4ClassRunner.java:71)
	at org.junit.runners.BlockJUnit4ClassRunner.runChild(BlockJUnit4ClassRunner.java:49)
	at org.junit.runners.ParentRunner$3.run(ParentRunner.java:193)
	at org.junit.runners.ParentRunner$1.schedule(ParentRunner.java:52)
	at org.junit.runners.ParentRunner.runChildren(ParentRunner.java:191)
	at org.junit.runners.ParentRunner.access$000(ParentRunner.java:42)
	at org.junit.runners.ParentRunner$2.evaluate(ParentRunner.java:184)
	at org.junit.runners.ParentRunner.run(ParentRunner.java:236)
	at org.apache.maven.surefire.junit4.JUnit4Provider.execute(JUnit4Provider.java:252)
	at org.apache.maven.surefire.junit4.JUnit4Provider.executeTestSet(JUnit4Provider.java:141)
	at org.apache.maven.surefire.junit4.JUnit4Provider.invoke(JUnit4Provider.java:112)
	at sun.reflect.NativeMethodAccessorImpl.invoke0(Native Method)
	at sun.reflect.NativeMethodAccessorImpl.invoke(NativeMethodAccessorImpl.java:62)
	at sun.reflect.DelegatingMethodAccessorImpl.invoke(DelegatingMethodAccessorImpl.java:43)
	at java.lang.reflect.Method.invoke(Method.java:483)
	at org.apache.maven.surefire.util.ReflectionUtils.invokeMethodWithArray(ReflectionUtils.java:189)
	at org.apache.maven.surefire.booter.ProviderFactory$ProviderProxy.invoke(ProviderFactory.java:165)
	at org.apache.maven.surefire.booter.ProviderFactory.invokeProvider(ProviderFactory.java:85)
	at org.apache.maven.surefire.booter.ForkedBooter.runSuitesInProcess(ForkedBooter.java:115)
	at org.apache.maven.surefire.booter.ForkedBooter.main(ForkedBooter.java:75)
</error>
    <system-err>十一月 05, 2015 6:02:31 下午 com.sun.jersey.test.framework.spi.container.grizzly2.web.GrizzlyWebTestContainerFactory$GrizzlyWebTestContainer &lt;init&gt;
信息: Creating Grizzly2 Web Container configured at the base URI http://localhost:9998/
十一月 05, 2015 6:02:31 下午 org.glassfish.grizzly.http.server.NetworkListener start
信息: Started listener bound to [localhost:9998]
十一月 05, 2015 6:02:31 下午 org.glassfish.grizzly.http.server.HttpServer start
信息: [HttpServer-5] Started.
十一月 05, 2015 6:02:31 下午 org.glassfish.grizzly.servlet.WebappContext deploy
信息: Starting application [TestContext] ...
十一月 05, 2015 6:02:31 下午 org.glassfish.grizzly.servlet.WebappContext initServlets
信息: [TestContext] Servlet [com.sun.jersey.spi.container.servlet.ServletContainer] registered for url pattern(s) [[/*]].
十一月 05, 2015 6:02:31 下午 org.glassfish.grizzly.servlet.WebappContext deploy
信息: Application [TestContext] is ready to service requests.  Root: [].
十一月 05, 2015 6:02:31 下午 com.sun.jersey.test.framework.spi.container.grizzly2.web.GrizzlyWebTestContainerFactory$GrizzlyWebTestContainer start
信息: Starting the Grizzly2 Web Container...
十一月 05, 2015 6:02:31 下午 com.sun.jersey.test.framework.spi.container.grizzly2.web.GrizzlyWebTestContainerFactory$GrizzlyWebTestContainer stop
信息: Stopping the Grizzly2 Web Container...
十一月 05, 2015 6:02:31 下午 org.glassfish.grizzly.http.server.NetworkListener stop
信息: Stopped listener bound to [localhost:9998]
</system-err>
  </testcase>
</testsuite>